<?xml version="1.0" encoding="UTF-8"?>
<!-- Generated by org.testng.reporters.JUnitXMLReporter -->
<testsuite ignored="0" hostname="DESKTOP-K6C2G70" failures="1" tests="2" name="Default test" time="14.21" errors="0" timestamp="2026-01-22T15:00:50 IST">
  <testcase classname="io.cucumber.testng.AbstractTestNGCucumberTests" name="runScenario" time="6.58"/>
  <testcase classname="io.cucumber.testng.AbstractTestNGCucumberTests" name="runScenario" time="6.862">
    <failure type="java.lang.NullPointerException" message="Cannot invoke &amp;quot;java.util.List.stream()&amp;quot; because the return value of &amp;quot;jitendrajoshi.pageobject.ProductCatalogue.getProductList()&amp;quot; is null">
      <![CDATA[java.lang.NullPointerException: Cannot invoke "java.util.List.stream()" because the return value of "jitendrajoshi.pageobject.ProductCatalogue.getProductList()" is null
at jitendrajoshi.pageobject.ProductCatalogue.getProductByName(ProductCatalogue.java:40)
at jitendrajoshi.pageobject.ProductCatalogue.addProductToCart(ProductCatalogue.java:49)
at jitendrajoshi.stepDefinitions.stepDefinationimpl.i_add_product_to_cart(stepDefinationimpl.java:41)
at ✽.I add product "ZARA COAT 3" to Cart(file:///C:/Users/Lenovo/eclipse-workspace/SeleniumFremeWorkDesign/src/test/java/cucumber/purchaseOrder.feature:11)
]]>
    </failure>
  </testcase> <!-- runScenario -->
</testsuite> <!-- Default test -->
