<?xml version="1.0" encoding="UTF-8"?>
<!-- Generated by org.testng.reporters.JUnitXMLReporter -->
<testsuite ignored="0" hostname="DESKTOP-K6C2G70" failures="1" tests="2" name="SubmitOrderTest" time="16.077" errors="0" timestamp="2026-01-19T20:58:14 IST">
  <testcase classname="jitendrajoshi.SubmitOrderTest" name="submitOrder" time="7.526"/>
  <testcase classname="jitendrajoshi.ErrorMessage" name="Loginvalidation" time="5.268">
    <failure type="java.lang.AssertionError" message="expected [Incorrect email  password.] but found [Incorrect email or password.]">
      <![CDATA[java.lang.AssertionError: expected [Incorrect email  password.] but found [Incorrect email or password.]
at jitendrajoshi.ErrorMessage.Loginvalidation(ErrorMessage.java:24)
at java.base/java.util.ArrayList.forEach(ArrayList.java:1596)
... Removed 31 stack frames]]>
    </failure>
  </testcase> <!-- Loginvalidation -->
</testsuite> <!-- SubmitOrderTest -->
