<?xml version="1.0" encoding="UTF-8"?>
<testng-results ignored="0" total="2" passed="1" failed="1" skipped="0">
  <reporter-output>
  </reporter-output>
  <suite started-at="2026-01-22T15:00:35 IST" name="Default suite" finished-at="2026-01-22T15:00:50 IST" duration-ms="14210">
    <groups>
      <group name="cucumber">
        <method signature="AbstractTestNGCucumberTests.runScenario(io.cucumber.testng.PickleWrapper,io.cucumber.testng.FeatureWrapper)[pri:0, instance:cucumber.testngtestrunner@587e5365]" name="runScenario" class="io.cucumber.testng.AbstractTestNGCucumberTests"/>
      </group> <!-- cucumber -->
    </groups>
    <test started-at="2026-01-22T15:00:35 IST" name="Default test" finished-at="2026-01-22T15:00:50 IST" duration-ms="14210">
      <class name="cucumber.testngtestrunner">
        <test-method is-config="true" signature="setUpClass(org.testng.ITestContext)[pri:0, instance:cucumber.testngtestrunner@587e5365]" started-at="2026-01-22T15:00:35 IST" name="setUpClass" finished-at="2026-01-22T15:00:36 IST" duration-ms="610" status="PASS">
          <params>
            <param index="0">
              <value>
                <![CDATA[org.testng.TestRunner@7a485a36]]>
              </value>
            </param>
          </params>
          <reporter-output>
          </reporter-output>
        </test-method> <!-- setUpClass -->
        <test-method signature="runScenario(io.cucumber.testng.PickleWrapper,io.cucumber.testng.FeatureWrapper)[pri:0, instance:cucumber.testngtestrunner@587e5365]" started-at="2026-01-22T15:00:36 IST" name="runScenario" description="Runs Cucumber Scenarios" data-provider="scenarios" finished-at="2026-01-22T15:00:43 IST" duration-ms="6580" status="PASS">
          <params>
            <param index="0">
              <value>
                <![CDATA["Error validation with wrong credentials"]]>
              </value>
            </param>
            <param index="1">
              <value>
                <![CDATA["Error validation"]]>
              </value>
            </param>
          </params>
          <reporter-output>
          </reporter-output>
        </test-method> <!-- runScenario -->
        <test-method signature="runScenario(io.cucumber.testng.PickleWrapper,io.cucumber.testng.FeatureWrapper)[pri:0, instance:cucumber.testngtestrunner@587e5365]" started-at="2026-01-22T15:00:43 IST" name="runScenario" description="Runs Cucumber Scenarios" data-provider="scenarios" finished-at="2026-01-22T15:00:49 IST" duration-ms="6862" status="FAIL">
          <params>
            <param index="0">
              <value>
                <![CDATA["Positive Test of Submitting the order"]]>
              </value>
            </param>
            <param index="1">
              <value>
                <![CDATA["Purchase the order from Ecommerce Website"]]>
              </value>
            </param>
          </params>
          <exception class="java.lang.NullPointerException">
            <message>
              <![CDATA[Cannot invoke "java.util.List.stream()" because the return value of "jitendrajoshi.pageobject.ProductCatalogue.getProductList()" is null]]>
            </message>
            <full-stacktrace>
              <![CDATA[java.lang.NullPointerException: Cannot invoke "java.util.List.stream()" because the return value of "jitendrajoshi.pageobject.ProductCatalogue.getProductList()" is null
at jitendrajoshi.pageobject.ProductCatalogue.getProductByName(ProductCatalogue.java:40)
at jitendrajoshi.pageobject.ProductCatalogue.addProductToCart(ProductCatalogue.java:49)
at jitendrajoshi.stepDefinitions.stepDefinationimpl.i_add_product_to_cart(stepDefinationimpl.java:41)
at ✽.I add product "ZARA COAT 3" to Cart(file:///C:/Users/Lenovo/eclipse-workspace/SeleniumFremeWorkDesign/src/test/java/cucumber/purchaseOrder.feature:11)
]]>
            </full-stacktrace>
          </exception> <!-- java.lang.NullPointerException -->
          <reporter-output>
          </reporter-output>
        </test-method> <!-- runScenario -->
        <test-method is-config="true" signature="tearDownClass()[pri:0, instance:cucumber.testngtestrunner@587e5365]" started-at="2026-01-22T15:00:49 IST" name="tearDownClass" finished-at="2026-01-22T15:00:50 IST" duration-ms="85" status="PASS">
          <reporter-output>
          </reporter-output>
        </test-method> <!-- tearDownClass -->
      </class> <!-- cucumber.testngtestrunner -->
    </test> <!-- Default test -->
  </suite> <!-- Default suite -->
</testng-results>
