<?xml version="1.0" encoding="UTF-8"?>
<!-- Generated by org.testng.reporters.JUnitReportReporter -->
<testsuite hostname="DESKTOP-K6C2G70" failures="0" tests="2" name="cucumber.testngtestrunner" time="10.822" errors="1" timestamp="2026-01-26T13:32:58 IST" skipped="0">
  <testcase classname="cucumber.testngtestrunner" name="runScenario" time="6.259"/>
  <testcase classname="cucumber.testngtestrunner" name="runScenario" time="4.563">
    <error message="Cannot invoke &quot;java.util.List.stream()&quot; because the return value of &quot;jitendrajoshi.pageobject.ProductCatalogue.getProductList()&quot; is null" type="java.lang.NullPointerException">
      <![CDATA[java.lang.NullPointerException: Cannot invoke "java.util.List.stream()" because the return value of "jitendrajoshi.pageobject.ProductCatalogue.getProductList()" is null
at jitendrajoshi.pageobject.ProductCatalogue.getProductByName(ProductCatalogue.java:40)
at jitendrajoshi.pageobject.ProductCatalogue.addProductToCart(ProductCatalogue.java:49)
at jitendrajoshi.stepDefinitions.stepDefinationimpl.i_add_product_to_cart(stepDefinationimpl.java:41)
at ✽.I add product "ZARA COAT 3" to Cart(file:///C:/Users/Lenovo/eclipse-workspace/SeleniumFremeWorkDesign/src/test/java/cucumber/purchaseOrder.feature:11)
]]>
    </error>
  </testcase> <!-- runScenario -->
</testsuite> <!-- cucumber.testngtestrunner -->
